[0.151s] DEBUG:colcon:Command line arguments: ['/usr/bin/colcon', 'build', '--packages-select', 'air_cleaning_pkg']
[0.151s] DEBUG:colcon:Parsed command line arguments: Namespace(log_base=None, log_level=None, verb_name='build', build_base='build', install_base='install', merge_install=False, symlink_install=False, test_result_base=None, continue_on_error=False, executor='parallel', parallel_workers=4, event_handlers=None, ignore_user_meta=False, metas=['./colcon.meta'], base_paths=['.'], packages_ignore=None, packages_ignore_regex=None, paths=None, packages_up_to=None, packages_up_to_regex=None, packages_above=None, packages_above_and_dependencies=None, packages_above_depth=None, packages_select_by_dep=None, packages_skip_by_dep=None, packages_skip_up_to=None, packages_select_build_failed=False, packages_skip_build_finished=False, packages_select_test_failures=False, packages_skip_test_passed=False, packages_select=['air_cleaning_pkg'], packages_skip=None, packages_select_regex=None, packages_skip_regex=None, packages_start=None, packages_end=None, allow_overriding=[], cmake_args=None, cmake_target=None, cmake_target_skip_unavailable=False, cmake_clean_cache=False, cmake_clean_first=False, cmake_force_configure=False, ament_cmake_args=None, catkin_cmake_args=None, catkin_skip_building_tests=False, mixin_files=None, mixin=None, verb_parser=<colcon_mixin.mixin.mixin_argument.MixinArgumentDecorator object at 0xffff7fe33650>, verb_extension=<colcon_core.verb.build.BuildVerb object at 0xffff7ff97c80>, main=<bound method BuildVerb.main of <colcon_core.verb.build.BuildVerb object at 0xffff7ff97c80>>, mixin_verb=('build',))
[0.211s] Level 1:colcon.colcon_core.package_discovery:discover_packages(colcon_meta) check parameters
[0.211s] Level 1:colcon.colcon_core.package_discovery:discover_packages(recursive) check parameters
[0.211s] Level 1:colcon.colcon_core.package_discovery:discover_packages(ignore) check parameters
[0.211s] Level 1:colcon.colcon_core.package_discovery:discover_packages(path) check parameters
[0.211s] Level 1:colcon.colcon_core.package_discovery:discover_packages(colcon_meta) discover
[0.211s] Level 1:colcon.colcon_core.package_discovery:discover_packages(recursive) discover
[0.211s] INFO:colcon.colcon_core.package_discovery:Crawling recursively for packages in '/home/august/workspace/locomotive_air_cleaner_capstone/src/air_cleaning_pkg'
[0.211s] Level 1:colcon.colcon_core.package_identification:_identify(.) by extensions ['ignore', 'ignore_ament_install']
[0.211s] Level 1:colcon.colcon_core.package_identification:_identify(.) by extension 'ignore'
[0.211s] Level 1:colcon.colcon_core.package_identification:_identify(.) by extension 'ignore_ament_install'
[0.211s] Level 1:colcon.colcon_core.package_identification:_identify(.) by extensions ['colcon_pkg']
[0.211s] Level 1:colcon.colcon_core.package_identification:_identify(.) by extension 'colcon_pkg'
[0.211s] Level 1:colcon.colcon_core.package_identification:_identify(.) by extensions ['colcon_meta']
[0.212s] Level 1:colcon.colcon_core.package_identification:_identify(.) by extension 'colcon_meta'
[0.212s] Level 1:colcon.colcon_core.package_identification:_identify(.) by extensions ['ros']
[0.212s] Level 1:colcon.colcon_core.package_identification:_identify(.) by extension 'ros'
[0.257s] DEBUG:colcon.colcon_core.package_identification:Package '.' with type 'ros.ament_python' and name 'air_cleaning_pkg'
[0.257s] Level 1:colcon.colcon_core.package_discovery:discover_packages(recursive) using defaults
[0.257s] Level 1:colcon.colcon_core.package_discovery:discover_packages(ignore) discover
[0.257s] Level 1:colcon.colcon_core.package_discovery:discover_packages(ignore) using defaults
[0.257s] Level 1:colcon.colcon_core.package_discovery:discover_packages(path) discover
[0.257s] Level 1:colcon.colcon_core.package_discovery:discover_packages(path) using defaults
[0.309s] Level 1:colcon.colcon_core.package_discovery:discover_packages(prefix_path) check parameters
[0.309s] Level 1:colcon.colcon_core.package_discovery:discover_packages(prefix_path) discover
[0.318s] DEBUG:colcon.colcon_installed_package_information.package_discovery:Found 3 installed packages in /home/august/ros2_ws/install
[0.320s] DEBUG:colcon.colcon_installed_package_information.package_discovery:Found 286 installed packages in /opt/ros/jazzy
[0.321s] Level 1:colcon.colcon_core.package_discovery:discover_packages(prefix_path) using defaults
[0.394s] Level 5:colcon.colcon_core.verb:set package 'air_cleaning_pkg' build argument 'cmake_args' from command line to 'None'
[0.394s] Level 5:colcon.colcon_core.verb:set package 'air_cleaning_pkg' build argument 'cmake_target' from command line to 'None'
[0.394s] Level 5:colcon.colcon_core.verb:set package 'air_cleaning_pkg' build argument 'cmake_target_skip_unavailable' from command line to 'False'
[0.394s] Level 5:colcon.colcon_core.verb:set package 'air_cleaning_pkg' build argument 'cmake_clean_cache' from command line to 'False'
[0.395s] Level 5:colcon.colcon_core.verb:set package 'air_cleaning_pkg' build argument 'cmake_clean_first' from command line to 'False'
[0.395s] Level 5:colcon.colcon_core.verb:set package 'air_cleaning_pkg' build argument 'cmake_force_configure' from command line to 'False'
[0.395s] Level 5:colcon.colcon_core.verb:set package 'air_cleaning_pkg' build argument 'ament_cmake_args' from command line to 'None'
[0.395s] Level 5:colcon.colcon_core.verb:set package 'air_cleaning_pkg' build argument 'catkin_cmake_args' from command line to 'None'
[0.395s] Level 5:colcon.colcon_core.verb:set package 'air_cleaning_pkg' build argument 'catkin_skip_building_tests' from command line to 'False'
[0.395s] DEBUG:colcon.colcon_core.verb:Building package 'air_cleaning_pkg' with the following arguments: {'ament_cmake_args': None, 'build_base': '/home/august/workspace/locomotive_air_cleaner_capstone/src/air_cleaning_pkg/build/air_cleaning_pkg', 'catkin_cmake_args': None, 'catkin_skip_building_tests': False, 'cmake_args': None, 'cmake_clean_cache': False, 'cmake_clean_first': False, 'cmake_force_configure': False, 'cmake_target': None, 'cmake_target_skip_unavailable': False, 'install_base': '/home/august/workspace/locomotive_air_cleaner_capstone/src/air_cleaning_pkg/install/air_cleaning_pkg', 'merge_install': False, 'path': '/home/august/workspace/locomotive_air_cleaner_capstone/src/air_cleaning_pkg', 'symlink_install': False, 'test_result_base': None}
[0.395s] INFO:colcon.colcon_core.executor:Executing jobs using 'parallel' executor
[0.396s] DEBUG:colcon.colcon_parallel_executor.executor.parallel:run_until_complete
[0.397s] INFO:colcon.colcon_ros.task.ament_python.build:Building ROS package in '/home/august/workspace/locomotive_air_cleaner_capstone/src/air_cleaning_pkg' with build type 'ament_python'
[0.397s] Level 1:colcon.colcon_core.shell:create_environment_hook('air_cleaning_pkg', 'ament_prefix_path')
[0.409s] INFO:colcon.colcon_core.plugin_system:Skipping extension 'colcon_core.shell.bat': Not used on non-Windows systems
[0.409s] INFO:colcon.colcon_core.shell:Creating environment hook '/home/august/workspace/locomotive_air_cleaner_capstone/src/air_cleaning_pkg/install/air_cleaning_pkg/share/air_cleaning_pkg/hook/ament_prefix_path.ps1'
[0.412s] INFO:colcon.colcon_core.shell:Creating environment descriptor '/home/august/workspace/locomotive_air_cleaner_capstone/src/air_cleaning_pkg/install/air_cleaning_pkg/share/air_cleaning_pkg/hook/ament_prefix_path.dsv'
[0.414s] INFO:colcon.colcon_core.shell:Creating environment hook '/home/august/workspace/locomotive_air_cleaner_capstone/src/air_cleaning_pkg/install/air_cleaning_pkg/share/air_cleaning_pkg/hook/ament_prefix_path.sh'
[0.416s] INFO:colcon.colcon_core.shell:Skip shell extension 'powershell' for command environment: Not usable outside of PowerShell
[0.416s] DEBUG:colcon.colcon_core.shell:Skip shell extension 'dsv' for command environment
[0.845s] INFO:colcon.colcon_core.task.python.build:Building Python package in '/home/august/workspace/locomotive_air_cleaner_capstone/src/air_cleaning_pkg'
[0.845s] INFO:colcon.colcon_core.shell:Skip shell extension 'powershell' for command environment: Not usable outside of PowerShell
[0.845s] DEBUG:colcon.colcon_core.shell:Skip shell extension 'dsv' for command environment
[2.432s] DEBUG:colcon.colcon_core.event_handler.log_command:Invoking command in '/home/august/workspace/locomotive_air_cleaner_capstone/src/air_cleaning_pkg': DEBUGINFOD_URLS=https://debuginfod.ubuntu.com PYTHONPATH=/home/august/workspace/locomotive_air_cleaner_capstone/src/air_cleaning_pkg/build/air_cleaning_pkg/prefix_override:/usr/lib/python3/dist-packages/colcon_core/task/python/colcon_distutils_commands:/home/august/workspace/locomotive_air_cleaner_capstone/src/air_cleaning_pkg/install/air_cleaning_pkg/lib/python3.12/site-packages:${PYTHONPATH} /usr/bin/python3 -W ignore:setup.py install is deprecated -W ignore:easy_install command is deprecated setup.py egg_info --egg-base build/air_cleaning_pkg build --build-base /home/august/workspace/locomotive_air_cleaner_capstone/src/air_cleaning_pkg/build/air_cleaning_pkg/build install --record /home/august/workspace/locomotive_air_cleaner_capstone/src/air_cleaning_pkg/build/air_cleaning_pkg/install.log --single-version-externally-managed install_data
[3.224s] DEBUG:colcon.colcon_core.event_handler.log_command:Invoked command in '/home/august/workspace/locomotive_air_cleaner_capstone/src/air_cleaning_pkg' returned '0': DEBUGINFOD_URLS=https://debuginfod.ubuntu.com PYTHONPATH=/home/august/workspace/locomotive_air_cleaner_capstone/src/air_cleaning_pkg/build/air_cleaning_pkg/prefix_override:/usr/lib/python3/dist-packages/colcon_core/task/python/colcon_distutils_commands:/home/august/workspace/locomotive_air_cleaner_capstone/src/air_cleaning_pkg/install/air_cleaning_pkg/lib/python3.12/site-packages:${PYTHONPATH} /usr/bin/python3 -W ignore:setup.py install is deprecated -W ignore:easy_install command is deprecated setup.py egg_info --egg-base build/air_cleaning_pkg build --build-base /home/august/workspace/locomotive_air_cleaner_capstone/src/air_cleaning_pkg/build/air_cleaning_pkg/build install --record /home/august/workspace/locomotive_air_cleaner_capstone/src/air_cleaning_pkg/build/air_cleaning_pkg/install.log --single-version-externally-managed install_data
[3.231s] Level 1:colcon.colcon_core.environment:checking '/home/august/workspace/locomotive_air_cleaner_capstone/src/air_cleaning_pkg/install/air_cleaning_pkg' for CMake module files
[3.231s] Level 1:colcon.colcon_core.environment:checking '/home/august/workspace/locomotive_air_cleaner_capstone/src/air_cleaning_pkg/install/air_cleaning_pkg' for CMake config files
[3.232s] Level 1:colcon.colcon_core.environment:checking '/home/august/workspace/locomotive_air_cleaner_capstone/src/air_cleaning_pkg/install/air_cleaning_pkg/lib'
[3.232s] Level 1:colcon.colcon_core.environment:checking '/home/august/workspace/locomotive_air_cleaner_capstone/src/air_cleaning_pkg/install/air_cleaning_pkg/bin'
[3.232s] Level 1:colcon.colcon_core.environment:checking '/home/august/workspace/locomotive_air_cleaner_capstone/src/air_cleaning_pkg/install/air_cleaning_pkg/lib/pkgconfig/air_cleaning_pkg.pc'
[3.233s] Level 1:colcon.colcon_core.environment:checking '/home/august/workspace/locomotive_air_cleaner_capstone/src/air_cleaning_pkg/install/air_cleaning_pkg/lib/python3.12/site-packages'
[3.233s] Level 1:colcon.colcon_core.shell:create_environment_hook('air_cleaning_pkg', 'pythonpath')
[3.233s] INFO:colcon.colcon_core.shell:Creating environment hook '/home/august/workspace/locomotive_air_cleaner_capstone/src/air_cleaning_pkg/install/air_cleaning_pkg/share/air_cleaning_pkg/hook/pythonpath.ps1'
[3.234s] INFO:colcon.colcon_core.shell:Creating environment descriptor '/home/august/workspace/locomotive_air_cleaner_capstone/src/air_cleaning_pkg/install/air_cleaning_pkg/share/air_cleaning_pkg/hook/pythonpath.dsv'
[3.234s] INFO:colcon.colcon_core.shell:Creating environment hook '/home/august/workspace/locomotive_air_cleaner_capstone/src/air_cleaning_pkg/install/air_cleaning_pkg/share/air_cleaning_pkg/hook/pythonpath.sh'
[3.235s] Level 1:colcon.colcon_core.environment:checking '/home/august/workspace/locomotive_air_cleaner_capstone/src/air_cleaning_pkg/install/air_cleaning_pkg/bin'
[3.235s] Level 1:colcon.colcon_core.environment:create_environment_scripts_only(air_cleaning_pkg)
[3.236s] INFO:colcon.colcon_core.shell:Creating package script '/home/august/workspace/locomotive_air_cleaner_capstone/src/air_cleaning_pkg/install/air_cleaning_pkg/share/air_cleaning_pkg/package.ps1'
[3.237s] INFO:colcon.colcon_core.shell:Creating package descriptor '/home/august/workspace/locomotive_air_cleaner_capstone/src/air_cleaning_pkg/install/air_cleaning_pkg/share/air_cleaning_pkg/package.dsv'
[3.238s] INFO:colcon.colcon_core.shell:Creating package script '/home/august/workspace/locomotive_air_cleaner_capstone/src/air_cleaning_pkg/install/air_cleaning_pkg/share/air_cleaning_pkg/package.sh'
[3.240s] INFO:colcon.colcon_core.shell:Creating package script '/home/august/workspace/locomotive_air_cleaner_capstone/src/air_cleaning_pkg/install/air_cleaning_pkg/share/air_cleaning_pkg/package.bash'
[3.241s] INFO:colcon.colcon_core.shell:Creating package script '/home/august/workspace/locomotive_air_cleaner_capstone/src/air_cleaning_pkg/install/air_cleaning_pkg/share/air_cleaning_pkg/package.zsh'
[3.242s] Level 1:colcon.colcon_core.environment:create_file_with_runtime_dependencies(/home/august/workspace/locomotive_air_cleaner_capstone/src/air_cleaning_pkg/install/air_cleaning_pkg/share/colcon-core/packages/air_cleaning_pkg)
[3.243s] DEBUG:colcon.colcon_parallel_executor.executor.parallel:closing loop
[3.243s] DEBUG:colcon.colcon_parallel_executor.executor.parallel:loop closed
[3.243s] DEBUG:colcon.colcon_parallel_executor.executor.parallel:run_until_complete finished with '0'
[3.243s] DEBUG:colcon.colcon_core.event_reactor:joining thread
[3.264s] INFO:colcon.colcon_core.plugin_system:Skipping extension 'colcon_notification.desktop_notification.terminal_notifier': Not used on non-Darwin systems
[3.264s] INFO:colcon.colcon_core.plugin_system:Skipping extension 'colcon_notification.desktop_notification.win32': Not used on non-Windows systems
[3.264s] INFO:colcon.colcon_notification.desktop_notification:Sending desktop notification using 'notify2'
[3.324s] DEBUG:colcon.colcon_core.event_reactor:joined thread
[3.324s] INFO:colcon.colcon_core.shell:Creating prefix script '/home/august/workspace/locomotive_air_cleaner_capstone/src/air_cleaning_pkg/install/local_setup.ps1'
[3.326s] INFO:colcon.colcon_core.shell:Creating prefix util module '/home/august/workspace/locomotive_air_cleaner_capstone/src/air_cleaning_pkg/install/_local_setup_util_ps1.py'
[3.329s] INFO:colcon.colcon_core.shell:Creating prefix chain script '/home/august/workspace/locomotive_air_cleaner_capstone/src/air_cleaning_pkg/install/setup.ps1'
[3.331s] INFO:colcon.colcon_core.shell:Creating prefix script '/home/august/workspace/locomotive_air_cleaner_capstone/src/air_cleaning_pkg/install/local_setup.sh'
[3.333s] INFO:colcon.colcon_core.shell:Creating prefix util module '/home/august/workspace/locomotive_air_cleaner_capstone/src/air_cleaning_pkg/install/_local_setup_util_sh.py'
[3.334s] INFO:colcon.colcon_core.shell:Creating prefix chain script '/home/august/workspace/locomotive_air_cleaner_capstone/src/air_cleaning_pkg/install/setup.sh'
[3.336s] INFO:colcon.colcon_core.shell:Creating prefix script '/home/august/workspace/locomotive_air_cleaner_capstone/src/air_cleaning_pkg/install/local_setup.bash'
[3.337s] INFO:colcon.colcon_core.shell:Creating prefix chain script '/home/august/workspace/locomotive_air_cleaner_capstone/src/air_cleaning_pkg/install/setup.bash'
[3.338s] INFO:colcon.colcon_core.shell:Creating prefix script '/home/august/workspace/locomotive_air_cleaner_capstone/src/air_cleaning_pkg/install/local_setup.zsh'
[3.340s] INFO:colcon.colcon_core.shell:Creating prefix chain script '/home/august/workspace/locomotive_air_cleaner_capstone/src/air_cleaning_pkg/install/setup.zsh'
