[1.800s] Invoking command in '/home/august/workspace/locomotive_air_cleaner_capstone/src/air_cleaning_pkg': DEBUGINFOD_URLS=https://debuginfod.ubuntu.com PYTHONPATH=/home/august/workspace/locomotive_air_cleaner_capstone/build/air_cleaning_pkg/prefix_override:/usr/lib/python3/dist-packages/colcon_core/task/python/colcon_distutils_commands:/home/august/workspace/locomotive_air_cleaner_capstone/install/air_cleaning_pkg/lib/python3.12/site-packages:${PYTHONPATH} /usr/bin/python3 -W ignore:setup.py install is deprecated -W ignore:easy_install command is deprecated setup.py egg_info --egg-base ../../build/air_cleaning_pkg build --build-base /home/august/workspace/locomotive_air_cleaner_capstone/build/air_cleaning_pkg/build install --record /home/august/workspace/locomotive_air_cleaner_capstone/build/air_cleaning_pkg/install.log --single-version-externally-managed install_data
[2.179s] running egg_info
[2.179s] creating ../../build/air_cleaning_pkg/air_cleaning_pkg.egg-info
[2.205s] writing ../../build/air_cleaning_pkg/air_cleaning_pkg.egg-info/PKG-INFO
[2.206s] writing dependency_links to ../../build/air_cleaning_pkg/air_cleaning_pkg.egg-info/dependency_links.txt
[2.206s] writing entry points to ../../build/air_cleaning_pkg/air_cleaning_pkg.egg-info/entry_points.txt
[2.206s] writing requirements to ../../build/air_cleaning_pkg/air_cleaning_pkg.egg-info/requires.txt
[2.206s] writing top-level names to ../../build/air_cleaning_pkg/air_cleaning_pkg.egg-info/top_level.txt
[2.206s] writing manifest file '../../build/air_cleaning_pkg/air_cleaning_pkg.egg-info/SOURCES.txt'
[2.261s] reading manifest file '../../build/air_cleaning_pkg/air_cleaning_pkg.egg-info/SOURCES.txt'
[2.261s] adding license file 'LICENSE'
[2.262s] writing manifest file '../../build/air_cleaning_pkg/air_cleaning_pkg.egg-info/SOURCES.txt'
[2.271s] running build
[2.272s] running build_py
[2.272s] creating /home/august/workspace/locomotive_air_cleaner_capstone/build/air_cleaning_pkg/build
[2.272s] creating /home/august/workspace/locomotive_air_cleaner_capstone/build/air_cleaning_pkg/build/lib
[2.272s] creating /home/august/workspace/locomotive_air_cleaner_capstone/build/air_cleaning_pkg/build/lib/air_cleaning_pkg
[2.272s] copying air_cleaning_pkg/__init__.py -> /home/august/workspace/locomotive_air_cleaner_capstone/build/air_cleaning_pkg/build/lib/air_cleaning_pkg
[2.272s] copying air_cleaning_pkg/pm_sensor_publisher_node.py -> /home/august/workspace/locomotive_air_cleaner_capstone/build/air_cleaning_pkg/build/lib/air_cleaning_pkg
[2.273s] running install
[2.282s] running install_lib
[2.309s] creating /home/august/workspace/locomotive_air_cleaner_capstone/install/air_cleaning_pkg/lib/python3.12/site-packages/air_cleaning_pkg
[2.309s] copying /home/august/workspace/locomotive_air_cleaner_capstone/build/air_cleaning_pkg/build/lib/air_cleaning_pkg/__init__.py -> /home/august/workspace/locomotive_air_cleaner_capstone/install/air_cleaning_pkg/lib/python3.12/site-packages/air_cleaning_pkg
[2.309s] copying /home/august/workspace/locomotive_air_cleaner_capstone/build/air_cleaning_pkg/build/lib/air_cleaning_pkg/pm_sensor_publisher_node.py -> /home/august/workspace/locomotive_air_cleaner_capstone/install/air_cleaning_pkg/lib/python3.12/site-packages/air_cleaning_pkg
[2.310s] byte-compiling /home/august/workspace/locomotive_air_cleaner_capstone/install/air_cleaning_pkg/lib/python3.12/site-packages/air_cleaning_pkg/__init__.py to __init__.cpython-312.pyc
[2.311s] byte-compiling /home/august/workspace/locomotive_air_cleaner_capstone/install/air_cleaning_pkg/lib/python3.12/site-packages/air_cleaning_pkg/pm_sensor_publisher_node.py to pm_sensor_publisher_node.cpython-312.pyc
[2.312s] running install_data
[2.312s] creating /home/august/workspace/locomotive_air_cleaner_capstone/install/air_cleaning_pkg/share/ament_index
[2.313s] creating /home/august/workspace/locomotive_air_cleaner_capstone/install/air_cleaning_pkg/share/ament_index/resource_index
[2.313s] creating /home/august/workspace/locomotive_air_cleaner_capstone/install/air_cleaning_pkg/share/ament_index/resource_index/packages
[2.313s] copying resource/air_cleaning_pkg -> /home/august/workspace/locomotive_air_cleaner_capstone/install/air_cleaning_pkg/share/ament_index/resource_index/packages
[2.313s] copying package.xml -> /home/august/workspace/locomotive_air_cleaner_capstone/install/air_cleaning_pkg/share/air_cleaning_pkg
[2.313s] running install_egg_info
[2.343s] Copying ../../build/air_cleaning_pkg/air_cleaning_pkg.egg-info to /home/august/workspace/locomotive_air_cleaner_capstone/install/air_cleaning_pkg/lib/python3.12/site-packages/air_cleaning_pkg-0.0.0-py3.12.egg-info
[2.344s] running install_scripts
[2.535s] Installing pm_sensor_publisher_node script to /home/august/workspace/locomotive_air_cleaner_capstone/install/air_cleaning_pkg/lib/air_cleaning_pkg
[2.536s] writing list of installed files to '/home/august/workspace/locomotive_air_cleaner_capstone/build/air_cleaning_pkg/install.log'
[2.651s] Invoked command in '/home/august/workspace/locomotive_air_cleaner_capstone/src/air_cleaning_pkg' returned '0': DEBUGINFOD_URLS=https://debuginfod.ubuntu.com PYTHONPATH=/home/august/workspace/locomotive_air_cleaner_capstone/build/air_cleaning_pkg/prefix_override:/usr/lib/python3/dist-packages/colcon_core/task/python/colcon_distutils_commands:/home/august/workspace/locomotive_air_cleaner_capstone/install/air_cleaning_pkg/lib/python3.12/site-packages:${PYTHONPATH} /usr/bin/python3 -W ignore:setup.py install is deprecated -W ignore:easy_install command is deprecated setup.py egg_info --egg-base ../../build/air_cleaning_pkg build --build-base /home/august/workspace/locomotive_air_cleaner_capstone/build/air_cleaning_pkg/build install --record /home/august/workspace/locomotive_air_cleaner_capstone/build/air_cleaning_pkg/install.log --single-version-externally-managed install_data
