[1.665s] Invoking command in '/home/august/workspace/locomotive_air_cleaner_capstone/src/air_cleaning_pkg': DEBUGINFOD_URLS=https://debuginfod.ubuntu.com PYTHONPATH=/home/august/workspace/locomotive_air_cleaner_capstone/build/air_cleaning_pkg/prefix_override:/usr/lib/python3/dist-packages/colcon_core/task/python/colcon_distutils_commands:/home/august/workspace/locomotive_air_cleaner_capstone/install/air_cleaning_pkg/lib/python3.12/site-packages:${PYTHONPATH} /usr/bin/python3 -W ignore:setup.py install is deprecated -W ignore:easy_install command is deprecated setup.py egg_info --egg-base ../../build/air_cleaning_pkg build --build-base /home/august/workspace/locomotive_air_cleaner_capstone/build/air_cleaning_pkg/build install --record /home/august/workspace/locomotive_air_cleaner_capstone/build/air_cleaning_pkg/install.log --single-version-externally-managed install_data
[2.061s] running egg_info
[2.086s] writing ../../build/air_cleaning_pkg/air_cleaning_pkg.egg-info/PKG-INFO
[2.086s] writing dependency_links to ../../build/air_cleaning_pkg/air_cleaning_pkg.egg-info/dependency_links.txt
[2.087s] writing entry points to ../../build/air_cleaning_pkg/air_cleaning_pkg.egg-info/entry_points.txt
[2.091s] writing requirements to ../../build/air_cleaning_pkg/air_cleaning_pkg.egg-info/requires.txt
[2.093s] writing top-level names to ../../build/air_cleaning_pkg/air_cleaning_pkg.egg-info/top_level.txt
[2.151s] reading manifest file '../../build/air_cleaning_pkg/air_cleaning_pkg.egg-info/SOURCES.txt'
[2.151s] adding license file 'LICENSE'
[2.152s] writing manifest file '../../build/air_cleaning_pkg/air_cleaning_pkg.egg-info/SOURCES.txt'
[2.152s] running build
[2.153s] running build_py
[2.153s] running install
[2.163s] running install_lib
[2.192s] running install_data
[2.192s] running install_egg_info
[2.222s] removing '/home/august/workspace/locomotive_air_cleaner_capstone/install/air_cleaning_pkg/lib/python3.12/site-packages/air_cleaning_pkg-0.0.0-py3.12.egg-info' (and everything under it)
[2.222s] Copying ../../build/air_cleaning_pkg/air_cleaning_pkg.egg-info to /home/august/workspace/locomotive_air_cleaner_capstone/install/air_cleaning_pkg/lib/python3.12/site-packages/air_cleaning_pkg-0.0.0-py3.12.egg-info
[2.223s] running install_scripts
[2.413s] Installing pm_sensor_publisher_node script to /home/august/workspace/locomotive_air_cleaner_capstone/install/air_cleaning_pkg/lib/air_cleaning_pkg
[2.414s] writing list of installed files to '/home/august/workspace/locomotive_air_cleaner_capstone/build/air_cleaning_pkg/install.log'
[2.527s] Invoked command in '/home/august/workspace/locomotive_air_cleaner_capstone/src/air_cleaning_pkg' returned '0': DEBUGINFOD_URLS=https://debuginfod.ubuntu.com PYTHONPATH=/home/august/workspace/locomotive_air_cleaner_capstone/build/air_cleaning_pkg/prefix_override:/usr/lib/python3/dist-packages/colcon_core/task/python/colcon_distutils_commands:/home/august/workspace/locomotive_air_cleaner_capstone/install/air_cleaning_pkg/lib/python3.12/site-packages:${PYTHONPATH} /usr/bin/python3 -W ignore:setup.py install is deprecated -W ignore:easy_install command is deprecated setup.py egg_info --egg-base ../../build/air_cleaning_pkg build --build-base /home/august/workspace/locomotive_air_cleaner_capstone/build/air_cleaning_pkg/build install --record /home/august/workspace/locomotive_air_cleaner_capstone/build/air_cleaning_pkg/install.log --single-version-externally-managed install_data
