[1.683s] Invoking command in '/home/august/workspace/locomotive_air_cleaner_capstone/src/hello_august': DEBUGINFOD_URLS=https://debuginfod.ubuntu.com PYTHONPATH=/home/august/workspace/locomotive_air_cleaner_capstone/build/hello_august/prefix_override:/usr/lib/python3/dist-packages/colcon_core/task/python/colcon_distutils_commands:/home/august/workspace/locomotive_air_cleaner_capstone/install/hello_august/lib/python3.12/site-packages:${PYTHONPATH} /usr/bin/python3 -W ignore:setup.py install is deprecated -W ignore:easy_install command is deprecated setup.py egg_info --egg-base ../../build/hello_august build --build-base /home/august/workspace/locomotive_air_cleaner_capstone/build/hello_august/build install --record /home/august/workspace/locomotive_air_cleaner_capstone/build/hello_august/install.log --single-version-externally-managed install_data
[2.077s] running egg_info
[2.104s] writing ../../build/hello_august/hello_august.egg-info/PKG-INFO
[2.104s] writing dependency_links to ../../build/hello_august/hello_august.egg-info/dependency_links.txt
[2.105s] writing requirements to ../../build/hello_august/hello_august.egg-info/requires.txt
[2.106s] writing top-level names to ../../build/hello_august/hello_august.egg-info/top_level.txt
[2.163s] reading manifest file '../../build/hello_august/hello_august.egg-info/SOURCES.txt'
[2.163s] adding license file 'LICENSE'
[2.164s] writing manifest file '../../build/hello_august/hello_august.egg-info/SOURCES.txt'
[2.164s] running build
[2.164s] running build_py
[2.165s] running install
[2.174s] running install_lib
[2.202s] running install_data
[2.203s] running install_egg_info
[2.231s] removing '/home/august/workspace/locomotive_air_cleaner_capstone/install/hello_august/lib/python3.12/site-packages/hello_august-0.0.0-py3.12.egg-info' (and everything under it)
[2.232s] Copying ../../build/hello_august/hello_august.egg-info to /home/august/workspace/locomotive_air_cleaner_capstone/install/hello_august/lib/python3.12/site-packages/hello_august-0.0.0-py3.12.egg-info
[2.233s] running install_scripts
[2.423s] writing list of installed files to '/home/august/workspace/locomotive_air_cleaner_capstone/build/hello_august/install.log'
[2.539s] Invoked command in '/home/august/workspace/locomotive_air_cleaner_capstone/src/hello_august' returned '0': DEBUGINFOD_URLS=https://debuginfod.ubuntu.com PYTHONPATH=/home/august/workspace/locomotive_air_cleaner_capstone/build/hello_august/prefix_override:/usr/lib/python3/dist-packages/colcon_core/task/python/colcon_distutils_commands:/home/august/workspace/locomotive_air_cleaner_capstone/install/hello_august/lib/python3.12/site-packages:${PYTHONPATH} /usr/bin/python3 -W ignore:setup.py install is deprecated -W ignore:easy_install command is deprecated setup.py egg_info --egg-base ../../build/hello_august build --build-base /home/august/workspace/locomotive_air_cleaner_capstone/build/hello_august/build install --record /home/august/workspace/locomotive_air_cleaner_capstone/build/hello_august/install.log --single-version-externally-managed install_data
