running egg_info
creating ../../build/hello_august/hello_august.egg-info
writing ../../build/hello_august/hello_august.egg-info/PKG-INFO
writing dependency_links to ../../build/hello_august/hello_august.egg-info/dependency_links.txt
writing requirements to ../../build/hello_august/hello_august.egg-info/requires.txt
writing top-level names to ../../build/hello_august/hello_august.egg-info/top_level.txt
writing manifest file '../../build/hello_august/hello_august.egg-info/SOURCES.txt'
reading manifest file '../../build/hello_august/hello_august.egg-info/SOURCES.txt'
adding license file 'LICENSE'
writing manifest file '../../build/hello_august/hello_august.egg-info/SOURCES.txt'
running build
running build_py
creating /home/august/workspace/locomotive_air_cleaner_capstone/build/hello_august/build
creating /home/august/workspace/locomotive_air_cleaner_capstone/build/hello_august/build/lib
creating /home/august/workspace/locomotive_air_cleaner_capstone/build/hello_august/build/lib/hello_august
copying hello_august/__init__.py -> /home/august/workspace/locomotive_air_cleaner_capstone/build/hello_august/build/lib/hello_august
running install
running install_lib
creating /home/august/workspace/locomotive_air_cleaner_capstone/install/hello_august/lib/python3.12/site-packages/hello_august
copying /home/august/workspace/locomotive_air_cleaner_capstone/build/hello_august/build/lib/hello_august/__init__.py -> /home/august/workspace/locomotive_air_cleaner_capstone/install/hello_august/lib/python3.12/site-packages/hello_august
byte-compiling /home/august/workspace/locomotive_air_cleaner_capstone/install/hello_august/lib/python3.12/site-packages/hello_august/__init__.py to __init__.cpython-312.pyc
running install_data
creating /home/august/workspace/locomotive_air_cleaner_capstone/install/hello_august/share/ament_index
creating /home/august/workspace/locomotive_air_cleaner_capstone/install/hello_august/share/ament_index/resource_index
creating /home/august/workspace/locomotive_air_cleaner_capstone/install/hello_august/share/ament_index/resource_index/packages
copying resource/hello_august -> /home/august/workspace/locomotive_air_cleaner_capstone/install/hello_august/share/ament_index/resource_index/packages
copying package.xml -> /home/august/workspace/locomotive_air_cleaner_capstone/install/hello_august/share/hello_august
running install_egg_info
Copying ../../build/hello_august/hello_august.egg-info to /home/august/workspace/locomotive_air_cleaner_capstone/install/hello_august/lib/python3.12/site-packages/hello_august-0.0.0-py3.12.egg-info
running install_scripts
writing list of installed files to '/home/august/workspace/locomotive_air_cleaner_capstone/build/hello_august/install.log'
