[1.775s] Invoking command in '/home/august/workspace/locomotive_air_cleaner_capstone/src/hello_august': DEBUGINFOD_URLS=https://debuginfod.ubuntu.com PYTHONPATH=/home/august/workspace/locomotive_air_cleaner_capstone/build/hello_august/prefix_override:/usr/lib/python3/dist-packages/colcon_core/task/python/colcon_distutils_commands:/home/august/workspace/locomotive_air_cleaner_capstone/install/hello_august/lib/python3.12/site-packages:${PYTHONPATH} /usr/bin/python3 -W ignore:setup.py install is deprecated -W ignore:easy_install command is deprecated setup.py egg_info --egg-base ../../build/hello_august build --build-base /home/august/workspace/locomotive_air_cleaner_capstone/build/hello_august/build install --record /home/august/workspace/locomotive_air_cleaner_capstone/build/hello_august/install.log --single-version-externally-managed install_data
[2.156s] running egg_info
[2.157s] creating ../../build/hello_august/hello_august.egg-info
[2.182s] writing ../../build/hello_august/hello_august.egg-info/PKG-INFO
[2.182s] writing dependency_links to ../../build/hello_august/hello_august.egg-info/dependency_links.txt
[2.182s] writing requirements to ../../build/hello_august/hello_august.egg-info/requires.txt
[2.183s] writing top-level names to ../../build/hello_august/hello_august.egg-info/top_level.txt
[2.183s] writing manifest file '../../build/hello_august/hello_august.egg-info/SOURCES.txt'
[2.237s] reading manifest file '../../build/hello_august/hello_august.egg-info/SOURCES.txt'
[2.237s] adding license file 'LICENSE'
[2.238s] writing manifest file '../../build/hello_august/hello_august.egg-info/SOURCES.txt'
[2.238s] running build
[2.238s] running build_py
[2.238s] creating /home/august/workspace/locomotive_air_cleaner_capstone/build/hello_august/build
[2.239s] creating /home/august/workspace/locomotive_air_cleaner_capstone/build/hello_august/build/lib
[2.239s] creating /home/august/workspace/locomotive_air_cleaner_capstone/build/hello_august/build/lib/hello_august
[2.239s] copying hello_august/__init__.py -> /home/august/workspace/locomotive_air_cleaner_capstone/build/hello_august/build/lib/hello_august
[2.239s] running install
[2.248s] running install_lib
[2.274s] creating /home/august/workspace/locomotive_air_cleaner_capstone/install/hello_august/lib/python3.12/site-packages/hello_august
[2.274s] copying /home/august/workspace/locomotive_air_cleaner_capstone/build/hello_august/build/lib/hello_august/__init__.py -> /home/august/workspace/locomotive_air_cleaner_capstone/install/hello_august/lib/python3.12/site-packages/hello_august
[2.275s] byte-compiling /home/august/workspace/locomotive_air_cleaner_capstone/install/hello_august/lib/python3.12/site-packages/hello_august/__init__.py to __init__.cpython-312.pyc
[2.275s] running install_data
[2.275s] creating /home/august/workspace/locomotive_air_cleaner_capstone/install/hello_august/share/ament_index
[2.276s] creating /home/august/workspace/locomotive_air_cleaner_capstone/install/hello_august/share/ament_index/resource_index
[2.276s] creating /home/august/workspace/locomotive_air_cleaner_capstone/install/hello_august/share/ament_index/resource_index/packages
[2.276s] copying resource/hello_august -> /home/august/workspace/locomotive_air_cleaner_capstone/install/hello_august/share/ament_index/resource_index/packages
[2.276s] copying package.xml -> /home/august/workspace/locomotive_air_cleaner_capstone/install/hello_august/share/hello_august
[2.276s] running install_egg_info
[2.306s] Copying ../../build/hello_august/hello_august.egg-info to /home/august/workspace/locomotive_air_cleaner_capstone/install/hello_august/lib/python3.12/site-packages/hello_august-0.0.0-py3.12.egg-info
[2.307s] running install_scripts
[2.493s] writing list of installed files to '/home/august/workspace/locomotive_air_cleaner_capstone/build/hello_august/install.log'
[2.608s] Invoked command in '/home/august/workspace/locomotive_air_cleaner_capstone/src/hello_august' returned '0': DEBUGINFOD_URLS=https://debuginfod.ubuntu.com PYTHONPATH=/home/august/workspace/locomotive_air_cleaner_capstone/build/hello_august/prefix_override:/usr/lib/python3/dist-packages/colcon_core/task/python/colcon_distutils_commands:/home/august/workspace/locomotive_air_cleaner_capstone/install/hello_august/lib/python3.12/site-packages:${PYTHONPATH} /usr/bin/python3 -W ignore:setup.py install is deprecated -W ignore:easy_install command is deprecated setup.py egg_info --egg-base ../../build/hello_august build --build-base /home/august/workspace/locomotive_air_cleaner_capstone/build/hello_august/build install --record /home/august/workspace/locomotive_air_cleaner_capstone/build/hello_august/install.log --single-version-externally-managed install_data
