[0.150s] DEBUG:colcon:Command line arguments: ['/usr/bin/colcon', 'build']
[0.150s] DEBUG:colcon:Parsed command line arguments: Namespace(log_base=None, log_level=None, verb_name='build', build_base='build', install_base='install', merge_install=False, symlink_install=False, test_result_base=None, continue_on_error=False, executor='parallel', parallel_workers=4, event_handlers=None, ignore_user_meta=False, metas=['./colcon.meta'], base_paths=['.'], packages_ignore=None, packages_ignore_regex=None, paths=None, packages_up_to=None, packages_up_to_regex=None, packages_above=None, packages_above_and_dependencies=None, packages_above_depth=None, packages_select_by_dep=None, packages_skip_by_dep=None, packages_skip_up_to=None, packages_select_build_failed=False, packages_skip_build_finished=False, packages_select_test_failures=False, packages_skip_test_passed=False, packages_select=None, packages_skip=None, packages_select_regex=None, packages_skip_regex=None, packages_start=None, packages_end=None, allow_overriding=[], cmake_args=None, cmake_target=None, cmake_target_skip_unavailable=False, cmake_clean_cache=False, cmake_clean_first=False, cmake_force_configure=False, ament_cmake_args=None, catkin_cmake_args=None, catkin_skip_building_tests=False, mixin_files=None, mixin=None, verb_parser=<colcon_mixin.mixin.mixin_argument.MixinArgumentDecorator object at 0xffff9a0bbd70>, verb_extension=<colcon_core.verb.build.BuildVerb object at 0xffff9a29c2f0>, main=<bound method BuildVerb.main of <colcon_core.verb.build.BuildVerb object at 0xffff9a29c2f0>>, mixin_verb=('build',))
[0.206s] Level 1:colcon.colcon_core.package_discovery:discover_packages(colcon_meta) check parameters
[0.206s] Level 1:colcon.colcon_core.package_discovery:discover_packages(recursive) check parameters
[0.206s] Level 1:colcon.colcon_core.package_discovery:discover_packages(ignore) check parameters
[0.206s] Level 1:colcon.colcon_core.package_discovery:discover_packages(path) check parameters
[0.206s] Level 1:colcon.colcon_core.package_discovery:discover_packages(colcon_meta) discover
[0.206s] Level 1:colcon.colcon_core.package_discovery:discover_packages(recursive) discover
[0.206s] INFO:colcon.colcon_core.package_discovery:Crawling recursively for packages in '/home/august/workspace/locomotive_air_cleaner_capstone'
[0.206s] Level 1:colcon.colcon_core.package_identification:_identify(.) by extensions ['ignore', 'ignore_ament_install']
[0.206s] Level 1:colcon.colcon_core.package_identification:_identify(.) by extension 'ignore'
[0.206s] Level 1:colcon.colcon_core.package_identification:_identify(.) by extension 'ignore_ament_install'
[0.207s] Level 1:colcon.colcon_core.package_identification:_identify(.) by extensions ['colcon_pkg']
[0.207s] Level 1:colcon.colcon_core.package_identification:_identify(.) by extension 'colcon_pkg'
[0.207s] Level 1:colcon.colcon_core.package_identification:_identify(.) by extensions ['colcon_meta']
[0.207s] Level 1:colcon.colcon_core.package_identification:_identify(.) by extension 'colcon_meta'
[0.207s] Level 1:colcon.colcon_core.package_identification:_identify(.) by extensions ['ros']
[0.207s] Level 1:colcon.colcon_core.package_identification:_identify(.) by extension 'ros'
[0.245s] Level 1:colcon.colcon_core.package_identification:_identify(.) by extensions ['cmake', 'python']
[0.245s] Level 1:colcon.colcon_core.package_identification:_identify(.) by extension 'cmake'
[0.245s] Level 1:colcon.colcon_core.package_identification:_identify(.) by extension 'python'
[0.245s] Level 1:colcon.colcon_core.package_identification:_identify(.) by extensions ['python_setup_py']
[0.245s] Level 1:colcon.colcon_core.package_identification:_identify(.) by extension 'python_setup_py'
[0.245s] Level 1:colcon.colcon_core.package_identification:_identify(build) by extensions ['ignore', 'ignore_ament_install']
[0.245s] Level 1:colcon.colcon_core.package_identification:_identify(build) by extension 'ignore'
[0.245s] Level 1:colcon.colcon_core.package_identification:_identify(build) ignored
[0.245s] Level 1:colcon.colcon_core.package_identification:_identify(install) by extensions ['ignore', 'ignore_ament_install']
[0.246s] Level 1:colcon.colcon_core.package_identification:_identify(install) by extension 'ignore'
[0.246s] Level 1:colcon.colcon_core.package_identification:_identify(install) ignored
[0.246s] Level 1:colcon.colcon_core.package_identification:_identify(log) by extensions ['ignore', 'ignore_ament_install']
[0.246s] Level 1:colcon.colcon_core.package_identification:_identify(log) by extension 'ignore'
[0.246s] Level 1:colcon.colcon_core.package_identification:_identify(log) ignored
[0.246s] Level 1:colcon.colcon_core.package_identification:_identify(src) by extensions ['ignore', 'ignore_ament_install']
[0.246s] Level 1:colcon.colcon_core.package_identification:_identify(src) by extension 'ignore'
[0.246s] Level 1:colcon.colcon_core.package_identification:_identify(src) by extension 'ignore_ament_install'
[0.246s] Level 1:colcon.colcon_core.package_identification:_identify(src) by extensions ['colcon_pkg']
[0.246s] Level 1:colcon.colcon_core.package_identification:_identify(src) by extension 'colcon_pkg'
[0.246s] Level 1:colcon.colcon_core.package_identification:_identify(src) by extensions ['colcon_meta']
[0.246s] Level 1:colcon.colcon_core.package_identification:_identify(src) by extension 'colcon_meta'
[0.246s] Level 1:colcon.colcon_core.package_identification:_identify(src) by extensions ['ros']
[0.246s] Level 1:colcon.colcon_core.package_identification:_identify(src) by extension 'ros'
[0.246s] Level 1:colcon.colcon_core.package_identification:_identify(src) by extensions ['cmake', 'python']
[0.246s] Level 1:colcon.colcon_core.package_identification:_identify(src) by extension 'cmake'
[0.246s] Level 1:colcon.colcon_core.package_identification:_identify(src) by extension 'python'
[0.247s] Level 1:colcon.colcon_core.package_identification:_identify(src) by extensions ['python_setup_py']
[0.247s] Level 1:colcon.colcon_core.package_identification:_identify(src) by extension 'python_setup_py'
[0.247s] Level 1:colcon.colcon_core.package_identification:_identify(src/air_cleaning_pkg) by extensions ['ignore', 'ignore_ament_install']
[0.247s] Level 1:colcon.colcon_core.package_identification:_identify(src/air_cleaning_pkg) by extension 'ignore'
[0.247s] Level 1:colcon.colcon_core.package_identification:_identify(src/air_cleaning_pkg) by extension 'ignore_ament_install'
[0.247s] Level 1:colcon.colcon_core.package_identification:_identify(src/air_cleaning_pkg) by extensions ['colcon_pkg']
[0.247s] Level 1:colcon.colcon_core.package_identification:_identify(src/air_cleaning_pkg) by extension 'colcon_pkg'
[0.247s] Level 1:colcon.colcon_core.package_identification:_identify(src/air_cleaning_pkg) by extensions ['colcon_meta']
[0.247s] Level 1:colcon.colcon_core.package_identification:_identify(src/air_cleaning_pkg) by extension 'colcon_meta'
[0.247s] Level 1:colcon.colcon_core.package_identification:_identify(src/air_cleaning_pkg) by extensions ['ros']
[0.247s] Level 1:colcon.colcon_core.package_identification:_identify(src/air_cleaning_pkg) by extension 'ros'
[0.250s] DEBUG:colcon.colcon_core.package_identification:Package 'src/air_cleaning_pkg' with type 'ros.ament_python' and name 'air_cleaning_pkg'
[0.251s] Level 1:colcon.colcon_core.package_identification:_identify(src/hello_august) by extensions ['ignore', 'ignore_ament_install']
[0.251s] Level 1:colcon.colcon_core.package_identification:_identify(src/hello_august) by extension 'ignore'
[0.251s] Level 1:colcon.colcon_core.package_identification:_identify(src/hello_august) by extension 'ignore_ament_install'
[0.251s] Level 1:colcon.colcon_core.package_identification:_identify(src/hello_august) by extensions ['colcon_pkg']
[0.251s] Level 1:colcon.colcon_core.package_identification:_identify(src/hello_august) by extension 'colcon_pkg'
[0.251s] Level 1:colcon.colcon_core.package_identification:_identify(src/hello_august) by extensions ['colcon_meta']
[0.251s] Level 1:colcon.colcon_core.package_identification:_identify(src/hello_august) by extension 'colcon_meta'
[0.251s] Level 1:colcon.colcon_core.package_identification:_identify(src/hello_august) by extensions ['ros']
[0.251s] Level 1:colcon.colcon_core.package_identification:_identify(src/hello_august) by extension 'ros'
[0.252s] DEBUG:colcon.colcon_core.package_identification:Package 'src/hello_august' with type 'ros.ament_python' and name 'hello_august'
[0.252s] Level 1:colcon.colcon_core.package_discovery:discover_packages(recursive) using defaults
[0.252s] Level 1:colcon.colcon_core.package_discovery:discover_packages(ignore) discover
[0.252s] Level 1:colcon.colcon_core.package_discovery:discover_packages(ignore) using defaults
[0.252s] Level 1:colcon.colcon_core.package_discovery:discover_packages(path) discover
[0.252s] Level 1:colcon.colcon_core.package_discovery:discover_packages(path) using defaults
[0.276s] Level 1:colcon.colcon_core.package_discovery:discover_packages(prefix_path) check parameters
[0.276s] Level 1:colcon.colcon_core.package_discovery:discover_packages(prefix_path) discover
[0.278s] DEBUG:colcon.colcon_installed_package_information.package_discovery:Found 2 installed packages in /home/august/workspace/locomotive_air_cleaner_capstone/install
[0.279s] DEBUG:colcon.colcon_installed_package_information.package_discovery:Found 3 installed packages in /home/august/ros2_ws/install
[0.281s] DEBUG:colcon.colcon_installed_package_information.package_discovery:Found 286 installed packages in /opt/ros/jazzy
[0.282s] Level 1:colcon.colcon_core.package_discovery:discover_packages(prefix_path) using defaults
[0.343s] Level 5:colcon.colcon_core.verb:set package 'air_cleaning_pkg' build argument 'cmake_args' from command line to 'None'
[0.343s] Level 5:colcon.colcon_core.verb:set package 'air_cleaning_pkg' build argument 'cmake_target' from command line to 'None'
[0.343s] Level 5:colcon.colcon_core.verb:set package 'air_cleaning_pkg' build argument 'cmake_target_skip_unavailable' from command line to 'False'
[0.343s] Level 5:colcon.colcon_core.verb:set package 'air_cleaning_pkg' build argument 'cmake_clean_cache' from command line to 'False'
[0.343s] Level 5:colcon.colcon_core.verb:set package 'air_cleaning_pkg' build argument 'cmake_clean_first' from command line to 'False'
[0.343s] Level 5:colcon.colcon_core.verb:set package 'air_cleaning_pkg' build argument 'cmake_force_configure' from command line to 'False'
[0.343s] Level 5:colcon.colcon_core.verb:set package 'air_cleaning_pkg' build argument 'ament_cmake_args' from command line to 'None'
[0.343s] Level 5:colcon.colcon_core.verb:set package 'air_cleaning_pkg' build argument 'catkin_cmake_args' from command line to 'None'
[0.343s] Level 5:colcon.colcon_core.verb:set package 'air_cleaning_pkg' build argument 'catkin_skip_building_tests' from command line to 'False'
[0.343s] DEBUG:colcon.colcon_core.verb:Building package 'air_cleaning_pkg' with the following arguments: {'ament_cmake_args': None, 'build_base': '/home/august/workspace/locomotive_air_cleaner_capstone/build/air_cleaning_pkg', 'catkin_cmake_args': None, 'catkin_skip_building_tests': False, 'cmake_args': None, 'cmake_clean_cache': False, 'cmake_clean_first': False, 'cmake_force_configure': False, 'cmake_target': None, 'cmake_target_skip_unavailable': False, 'install_base': '/home/august/workspace/locomotive_air_cleaner_capstone/install/air_cleaning_pkg', 'merge_install': False, 'path': '/home/august/workspace/locomotive_air_cleaner_capstone/src/air_cleaning_pkg', 'symlink_install': False, 'test_result_base': None}
[0.344s] Level 5:colcon.colcon_core.verb:set package 'hello_august' build argument 'cmake_args' from command line to 'None'
[0.344s] Level 5:colcon.colcon_core.verb:set package 'hello_august' build argument 'cmake_target' from command line to 'None'
[0.344s] Level 5:colcon.colcon_core.verb:set package 'hello_august' build argument 'cmake_target_skip_unavailable' from command line to 'False'
[0.344s] Level 5:colcon.colcon_core.verb:set package 'hello_august' build argument 'cmake_clean_cache' from command line to 'False'
[0.344s] Level 5:colcon.colcon_core.verb:set package 'hello_august' build argument 'cmake_clean_first' from command line to 'False'
[0.344s] Level 5:colcon.colcon_core.verb:set package 'hello_august' build argument 'cmake_force_configure' from command line to 'False'
[0.344s] Level 5:colcon.colcon_core.verb:set package 'hello_august' build argument 'ament_cmake_args' from command line to 'None'
[0.344s] Level 5:colcon.colcon_core.verb:set package 'hello_august' build argument 'catkin_cmake_args' from command line to 'None'
[0.344s] Level 5:colcon.colcon_core.verb:set package 'hello_august' build argument 'catkin_skip_building_tests' from command line to 'False'
[0.344s] DEBUG:colcon.colcon_core.verb:Building package 'hello_august' with the following arguments: {'ament_cmake_args': None, 'build_base': '/home/august/workspace/locomotive_air_cleaner_capstone/build/hello_august', 'catkin_cmake_args': None, 'catkin_skip_building_tests': False, 'cmake_args': None, 'cmake_clean_cache': False, 'cmake_clean_first': False, 'cmake_force_configure': False, 'cmake_target': None, 'cmake_target_skip_unavailable': False, 'install_base': '/home/august/workspace/locomotive_air_cleaner_capstone/install/hello_august', 'merge_install': False, 'path': '/home/august/workspace/locomotive_air_cleaner_capstone/src/hello_august', 'symlink_install': False, 'test_result_base': None}
[0.344s] INFO:colcon.colcon_core.executor:Executing jobs using 'parallel' executor
[0.345s] DEBUG:colcon.colcon_parallel_executor.executor.parallel:run_until_complete
[0.346s] INFO:colcon.colcon_ros.task.ament_python.build:Building ROS package in '/home/august/workspace/locomotive_air_cleaner_capstone/src/air_cleaning_pkg' with build type 'ament_python'
[0.346s] Level 1:colcon.colcon_core.shell:create_environment_hook('air_cleaning_pkg', 'ament_prefix_path')
[0.349s] INFO:colcon.colcon_core.plugin_system:Skipping extension 'colcon_core.shell.bat': Not used on non-Windows systems
[0.350s] INFO:colcon.colcon_core.shell:Creating environment hook '/home/august/workspace/locomotive_air_cleaner_capstone/install/air_cleaning_pkg/share/air_cleaning_pkg/hook/ament_prefix_path.ps1'
[0.352s] INFO:colcon.colcon_core.shell:Creating environment descriptor '/home/august/workspace/locomotive_air_cleaner_capstone/install/air_cleaning_pkg/share/air_cleaning_pkg/hook/ament_prefix_path.dsv'
[0.354s] INFO:colcon.colcon_core.shell:Creating environment hook '/home/august/workspace/locomotive_air_cleaner_capstone/install/air_cleaning_pkg/share/air_cleaning_pkg/hook/ament_prefix_path.sh'
[0.356s] INFO:colcon.colcon_core.shell:Skip shell extension 'powershell' for command environment: Not usable outside of PowerShell
[0.356s] DEBUG:colcon.colcon_core.shell:Skip shell extension 'dsv' for command environment
[0.363s] INFO:colcon.colcon_ros.task.ament_python.build:Building ROS package in '/home/august/workspace/locomotive_air_cleaner_capstone/src/hello_august' with build type 'ament_python'
[0.363s] Level 1:colcon.colcon_core.shell:create_environment_hook('hello_august', 'ament_prefix_path')
[0.364s] INFO:colcon.colcon_core.shell:Creating environment hook '/home/august/workspace/locomotive_air_cleaner_capstone/install/hello_august/share/hello_august/hook/ament_prefix_path.ps1'
[0.365s] INFO:colcon.colcon_core.shell:Creating environment descriptor '/home/august/workspace/locomotive_air_cleaner_capstone/install/hello_august/share/hello_august/hook/ament_prefix_path.dsv'
[0.367s] INFO:colcon.colcon_core.shell:Creating environment hook '/home/august/workspace/locomotive_air_cleaner_capstone/install/hello_august/share/hello_august/hook/ament_prefix_path.sh'
[0.369s] INFO:colcon.colcon_core.shell:Skip shell extension 'powershell' for command environment: Not usable outside of PowerShell
[0.369s] DEBUG:colcon.colcon_core.shell:Skip shell extension 'dsv' for command environment
[0.714s] INFO:colcon.colcon_core.task.python.build:Building Python package in '/home/august/workspace/locomotive_air_cleaner_capstone/src/air_cleaning_pkg'
[0.715s] INFO:colcon.colcon_core.shell:Skip shell extension 'powershell' for command environment: Not usable outside of PowerShell
[0.715s] DEBUG:colcon.colcon_core.shell:Skip shell extension 'dsv' for command environment
[1.047s] INFO:colcon.colcon_core.task.python.build:Building Python package in '/home/august/workspace/locomotive_air_cleaner_capstone/src/hello_august'
[1.047s] INFO:colcon.colcon_core.shell:Skip shell extension 'powershell' for command environment: Not usable outside of PowerShell
[1.047s] DEBUG:colcon.colcon_core.shell:Skip shell extension 'dsv' for command environment
[2.012s] DEBUG:colcon.colcon_core.event_handler.log_command:Invoking command in '/home/august/workspace/locomotive_air_cleaner_capstone/src/air_cleaning_pkg': DEBUGINFOD_URLS=https://debuginfod.ubuntu.com PYTHONPATH=/home/august/workspace/locomotive_air_cleaner_capstone/build/air_cleaning_pkg/prefix_override:/usr/lib/python3/dist-packages/colcon_core/task/python/colcon_distutils_commands:/home/august/workspace/locomotive_air_cleaner_capstone/install/air_cleaning_pkg/lib/python3.12/site-packages:${PYTHONPATH} /usr/bin/python3 -W ignore:setup.py install is deprecated -W ignore:easy_install command is deprecated setup.py egg_info --egg-base ../../build/air_cleaning_pkg build --build-base /home/august/workspace/locomotive_air_cleaner_capstone/build/air_cleaning_pkg/build install --record /home/august/workspace/locomotive_air_cleaner_capstone/build/air_cleaning_pkg/install.log --single-version-externally-managed install_data
[2.047s] DEBUG:colcon.colcon_core.event_handler.log_command:Invoking command in '/home/august/workspace/locomotive_air_cleaner_capstone/src/hello_august': DEBUGINFOD_URLS=https://debuginfod.ubuntu.com PYTHONPATH=/home/august/workspace/locomotive_air_cleaner_capstone/build/hello_august/prefix_override:/usr/lib/python3/dist-packages/colcon_core/task/python/colcon_distutils_commands:/home/august/workspace/locomotive_air_cleaner_capstone/install/hello_august/lib/python3.12/site-packages:${PYTHONPATH} /usr/bin/python3 -W ignore:setup.py install is deprecated -W ignore:easy_install command is deprecated setup.py egg_info --egg-base ../../build/hello_august build --build-base /home/august/workspace/locomotive_air_cleaner_capstone/build/hello_august/build install --record /home/august/workspace/locomotive_air_cleaner_capstone/build/hello_august/install.log --single-version-externally-managed install_data
[2.874s] DEBUG:colcon.colcon_core.event_handler.log_command:Invoked command in '/home/august/workspace/locomotive_air_cleaner_capstone/src/air_cleaning_pkg' returned '0': DEBUGINFOD_URLS=https://debuginfod.ubuntu.com PYTHONPATH=/home/august/workspace/locomotive_air_cleaner_capstone/build/air_cleaning_pkg/prefix_override:/usr/lib/python3/dist-packages/colcon_core/task/python/colcon_distutils_commands:/home/august/workspace/locomotive_air_cleaner_capstone/install/air_cleaning_pkg/lib/python3.12/site-packages:${PYTHONPATH} /usr/bin/python3 -W ignore:setup.py install is deprecated -W ignore:easy_install command is deprecated setup.py egg_info --egg-base ../../build/air_cleaning_pkg build --build-base /home/august/workspace/locomotive_air_cleaner_capstone/build/air_cleaning_pkg/build install --record /home/august/workspace/locomotive_air_cleaner_capstone/build/air_cleaning_pkg/install.log --single-version-externally-managed install_data
[2.877s] Level 1:colcon.colcon_core.environment:checking '/home/august/workspace/locomotive_air_cleaner_capstone/install/air_cleaning_pkg' for CMake module files
[2.878s] Level 1:colcon.colcon_core.environment:checking '/home/august/workspace/locomotive_air_cleaner_capstone/install/air_cleaning_pkg' for CMake config files
[2.880s] Level 1:colcon.colcon_core.environment:checking '/home/august/workspace/locomotive_air_cleaner_capstone/install/air_cleaning_pkg/lib'
[2.881s] Level 1:colcon.colcon_core.environment:checking '/home/august/workspace/locomotive_air_cleaner_capstone/install/air_cleaning_pkg/bin'
[2.881s] Level 1:colcon.colcon_core.environment:checking '/home/august/workspace/locomotive_air_cleaner_capstone/install/air_cleaning_pkg/lib/pkgconfig/air_cleaning_pkg.pc'
[2.881s] Level 1:colcon.colcon_core.environment:checking '/home/august/workspace/locomotive_air_cleaner_capstone/install/air_cleaning_pkg/lib/python3.12/site-packages'
[2.882s] Level 1:colcon.colcon_core.shell:create_environment_hook('air_cleaning_pkg', 'pythonpath')
[2.882s] INFO:colcon.colcon_core.shell:Creating environment hook '/home/august/workspace/locomotive_air_cleaner_capstone/install/air_cleaning_pkg/share/air_cleaning_pkg/hook/pythonpath.ps1'
[2.884s] INFO:colcon.colcon_core.shell:Creating environment descriptor '/home/august/workspace/locomotive_air_cleaner_capstone/install/air_cleaning_pkg/share/air_cleaning_pkg/hook/pythonpath.dsv'
[2.884s] INFO:colcon.colcon_core.shell:Creating environment hook '/home/august/workspace/locomotive_air_cleaner_capstone/install/air_cleaning_pkg/share/air_cleaning_pkg/hook/pythonpath.sh'
[2.885s] Level 1:colcon.colcon_core.environment:checking '/home/august/workspace/locomotive_air_cleaner_capstone/install/air_cleaning_pkg/bin'
[2.886s] Level 1:colcon.colcon_core.environment:create_environment_scripts_only(air_cleaning_pkg)
[2.886s] INFO:colcon.colcon_core.shell:Creating package script '/home/august/workspace/locomotive_air_cleaner_capstone/install/air_cleaning_pkg/share/air_cleaning_pkg/package.ps1'
[2.887s] INFO:colcon.colcon_core.shell:Creating package descriptor '/home/august/workspace/locomotive_air_cleaner_capstone/install/air_cleaning_pkg/share/air_cleaning_pkg/package.dsv'
[2.888s] INFO:colcon.colcon_core.shell:Creating package script '/home/august/workspace/locomotive_air_cleaner_capstone/install/air_cleaning_pkg/share/air_cleaning_pkg/package.sh'
[2.889s] INFO:colcon.colcon_core.shell:Creating package script '/home/august/workspace/locomotive_air_cleaner_capstone/install/air_cleaning_pkg/share/air_cleaning_pkg/package.bash'
[2.890s] INFO:colcon.colcon_core.shell:Creating package script '/home/august/workspace/locomotive_air_cleaner_capstone/install/air_cleaning_pkg/share/air_cleaning_pkg/package.zsh'
[2.891s] Level 1:colcon.colcon_core.environment:create_file_with_runtime_dependencies(/home/august/workspace/locomotive_air_cleaner_capstone/install/air_cleaning_pkg/share/colcon-core/packages/air_cleaning_pkg)
[2.902s] Level 1:colcon.colcon_core.environment:checking '/home/august/workspace/locomotive_air_cleaner_capstone/install/hello_august' for CMake module files
[2.903s] DEBUG:colcon.colcon_core.event_handler.log_command:Invoked command in '/home/august/workspace/locomotive_air_cleaner_capstone/src/hello_august' returned '0': DEBUGINFOD_URLS=https://debuginfod.ubuntu.com PYTHONPATH=/home/august/workspace/locomotive_air_cleaner_capstone/build/hello_august/prefix_override:/usr/lib/python3/dist-packages/colcon_core/task/python/colcon_distutils_commands:/home/august/workspace/locomotive_air_cleaner_capstone/install/hello_august/lib/python3.12/site-packages:${PYTHONPATH} /usr/bin/python3 -W ignore:setup.py install is deprecated -W ignore:easy_install command is deprecated setup.py egg_info --egg-base ../../build/hello_august build --build-base /home/august/workspace/locomotive_air_cleaner_capstone/build/hello_august/build install --record /home/august/workspace/locomotive_air_cleaner_capstone/build/hello_august/install.log --single-version-externally-managed install_data
[2.904s] Level 1:colcon.colcon_core.environment:checking '/home/august/workspace/locomotive_air_cleaner_capstone/install/hello_august' for CMake config files
[2.905s] Level 1:colcon.colcon_core.environment:checking '/home/august/workspace/locomotive_air_cleaner_capstone/install/hello_august/lib'
[2.905s] Level 1:colcon.colcon_core.environment:checking '/home/august/workspace/locomotive_air_cleaner_capstone/install/hello_august/bin'
[2.905s] Level 1:colcon.colcon_core.environment:checking '/home/august/workspace/locomotive_air_cleaner_capstone/install/hello_august/lib/pkgconfig/hello_august.pc'
[2.905s] Level 1:colcon.colcon_core.environment:checking '/home/august/workspace/locomotive_air_cleaner_capstone/install/hello_august/lib/python3.12/site-packages'
[2.906s] Level 1:colcon.colcon_core.shell:create_environment_hook('hello_august', 'pythonpath')
[2.906s] INFO:colcon.colcon_core.shell:Creating environment hook '/home/august/workspace/locomotive_air_cleaner_capstone/install/hello_august/share/hello_august/hook/pythonpath.ps1'
[2.906s] INFO:colcon.colcon_core.shell:Creating environment descriptor '/home/august/workspace/locomotive_air_cleaner_capstone/install/hello_august/share/hello_august/hook/pythonpath.dsv'
[2.907s] INFO:colcon.colcon_core.shell:Creating environment hook '/home/august/workspace/locomotive_air_cleaner_capstone/install/hello_august/share/hello_august/hook/pythonpath.sh'
[2.908s] Level 1:colcon.colcon_core.environment:checking '/home/august/workspace/locomotive_air_cleaner_capstone/install/hello_august/bin'
[2.908s] Level 1:colcon.colcon_core.environment:create_environment_scripts_only(hello_august)
[2.908s] INFO:colcon.colcon_core.shell:Creating package script '/home/august/workspace/locomotive_air_cleaner_capstone/install/hello_august/share/hello_august/package.ps1'
[2.909s] INFO:colcon.colcon_core.shell:Creating package descriptor '/home/august/workspace/locomotive_air_cleaner_capstone/install/hello_august/share/hello_august/package.dsv'
[2.909s] INFO:colcon.colcon_core.shell:Creating package script '/home/august/workspace/locomotive_air_cleaner_capstone/install/hello_august/share/hello_august/package.sh'
[2.910s] INFO:colcon.colcon_core.shell:Creating package script '/home/august/workspace/locomotive_air_cleaner_capstone/install/hello_august/share/hello_august/package.bash'
[2.910s] INFO:colcon.colcon_core.shell:Creating package script '/home/august/workspace/locomotive_air_cleaner_capstone/install/hello_august/share/hello_august/package.zsh'
[2.910s] Level 1:colcon.colcon_core.environment:create_file_with_runtime_dependencies(/home/august/workspace/locomotive_air_cleaner_capstone/install/hello_august/share/colcon-core/packages/hello_august)
[2.911s] DEBUG:colcon.colcon_parallel_executor.executor.parallel:closing loop
[2.911s] DEBUG:colcon.colcon_parallel_executor.executor.parallel:loop closed
[2.911s] DEBUG:colcon.colcon_parallel_executor.executor.parallel:run_until_complete finished with '0'
[2.911s] DEBUG:colcon.colcon_core.event_reactor:joining thread
[2.921s] INFO:colcon.colcon_core.plugin_system:Skipping extension 'colcon_notification.desktop_notification.terminal_notifier': Not used on non-Darwin systems
[2.922s] INFO:colcon.colcon_core.plugin_system:Skipping extension 'colcon_notification.desktop_notification.win32': Not used on non-Windows systems
[2.922s] INFO:colcon.colcon_notification.desktop_notification:Sending desktop notification using 'notify2'
[2.944s] DEBUG:colcon.colcon_core.event_reactor:joined thread
[2.945s] INFO:colcon.colcon_core.shell:Creating prefix script '/home/august/workspace/locomotive_air_cleaner_capstone/install/local_setup.ps1'
[2.948s] INFO:colcon.colcon_core.shell:Creating prefix util module '/home/august/workspace/locomotive_air_cleaner_capstone/install/_local_setup_util_ps1.py'
[2.950s] INFO:colcon.colcon_core.shell:Creating prefix chain script '/home/august/workspace/locomotive_air_cleaner_capstone/install/setup.ps1'
[2.956s] INFO:colcon.colcon_core.shell:Creating prefix script '/home/august/workspace/locomotive_air_cleaner_capstone/install/local_setup.sh'
[2.957s] INFO:colcon.colcon_core.shell:Creating prefix util module '/home/august/workspace/locomotive_air_cleaner_capstone/install/_local_setup_util_sh.py'
[2.961s] INFO:colcon.colcon_core.shell:Creating prefix chain script '/home/august/workspace/locomotive_air_cleaner_capstone/install/setup.sh'
[2.964s] INFO:colcon.colcon_core.shell:Creating prefix script '/home/august/workspace/locomotive_air_cleaner_capstone/install/local_setup.bash'
[2.965s] INFO:colcon.colcon_core.shell:Creating prefix chain script '/home/august/workspace/locomotive_air_cleaner_capstone/install/setup.bash'
[2.968s] INFO:colcon.colcon_core.shell:Creating prefix script '/home/august/workspace/locomotive_air_cleaner_capstone/install/local_setup.zsh'
[2.971s] INFO:colcon.colcon_core.shell:Creating prefix chain script '/home/august/workspace/locomotive_air_cleaner_capstone/install/setup.zsh'
