[1.284s] Invoking command in '/home/august/workspace/locomotive_air_cleaner_capstone/src/air_cleaning_pkg': DEBUGINFOD_URLS=https://debuginfod.ubuntu.com PYTHONPATH=/home/august/workspace/locomotive_air_cleaner_capstone/src/air_cleaning_pkg/build/air_cleaning_pkg/prefix_override:/usr/lib/python3/dist-packages/colcon_core/task/python/colcon_distutils_commands:/home/august/workspace/locomotive_air_cleaner_capstone/src/air_cleaning_pkg/install/air_cleaning_pkg/lib/python3.12/site-packages:${PYTHONPATH} /usr/bin/python3 -W ignore:setup.py install is deprecated -W ignore:easy_install command is deprecated setup.py egg_info --egg-base build/air_cleaning_pkg build --build-base /home/august/workspace/locomotive_air_cleaner_capstone/src/air_cleaning_pkg/build/air_cleaning_pkg/build install --record /home/august/workspace/locomotive_air_cleaner_capstone/src/air_cleaning_pkg/build/air_cleaning_pkg/install.log --single-version-externally-managed install_data
[1.659s] running egg_info
[1.684s] writing build/air_cleaning_pkg/air_cleaning_pkg.egg-info/PKG-INFO
[1.684s] writing dependency_links to build/air_cleaning_pkg/air_cleaning_pkg.egg-info/dependency_links.txt
[1.685s] writing requirements to build/air_cleaning_pkg/air_cleaning_pkg.egg-info/requires.txt
[1.686s] writing top-level names to build/air_cleaning_pkg/air_cleaning_pkg.egg-info/top_level.txt
[1.744s] reading manifest file 'build/air_cleaning_pkg/air_cleaning_pkg.egg-info/SOURCES.txt'
[1.744s] adding license file 'LICENSE'
[1.745s] writing manifest file 'build/air_cleaning_pkg/air_cleaning_pkg.egg-info/SOURCES.txt'
[1.745s] running build
[1.745s] running build_py
[1.745s] running install
[1.755s] running install_lib
[1.781s] running install_data
[1.781s] running install_egg_info
[1.808s] removing '/home/august/workspace/locomotive_air_cleaner_capstone/src/air_cleaning_pkg/install/air_cleaning_pkg/lib/python3.12/site-packages/air_cleaning_pkg-0.0.0-py3.12.egg-info' (and everything under it)
[1.809s] Copying build/air_cleaning_pkg/air_cleaning_pkg.egg-info to /home/august/workspace/locomotive_air_cleaner_capstone/src/air_cleaning_pkg/install/air_cleaning_pkg/lib/python3.12/site-packages/air_cleaning_pkg-0.0.0-py3.12.egg-info
[1.810s] running install_scripts
[1.996s] writing list of installed files to '/home/august/workspace/locomotive_air_cleaner_capstone/src/air_cleaning_pkg/build/air_cleaning_pkg/install.log'
[2.079s] Invoked command in '/home/august/workspace/locomotive_air_cleaner_capstone/src/air_cleaning_pkg' returned '0': DEBUGINFOD_URLS=https://debuginfod.ubuntu.com PYTHONPATH=/home/august/workspace/locomotive_air_cleaner_capstone/src/air_cleaning_pkg/build/air_cleaning_pkg/prefix_override:/usr/lib/python3/dist-packages/colcon_core/task/python/colcon_distutils_commands:/home/august/workspace/locomotive_air_cleaner_capstone/src/air_cleaning_pkg/install/air_cleaning_pkg/lib/python3.12/site-packages:${PYTHONPATH} /usr/bin/python3 -W ignore:setup.py install is deprecated -W ignore:easy_install command is deprecated setup.py egg_info --egg-base build/air_cleaning_pkg build --build-base /home/august/workspace/locomotive_air_cleaner_capstone/src/air_cleaning_pkg/build/air_cleaning_pkg/build install --record /home/august/workspace/locomotive_air_cleaner_capstone/src/air_cleaning_pkg/build/air_cleaning_pkg/install.log --single-version-externally-managed install_data
