running egg_info
writing build/air_cleaning_pkg/air_cleaning_pkg.egg-info/PKG-INFO
writing dependency_links to build/air_cleaning_pkg/air_cleaning_pkg.egg-info/dependency_links.txt
writing entry points to build/air_cleaning_pkg/air_cleaning_pkg.egg-info/entry_points.txt
writing requirements to build/air_cleaning_pkg/air_cleaning_pkg.egg-info/requires.txt
writing top-level names to build/air_cleaning_pkg/air_cleaning_pkg.egg-info/top_level.txt
reading manifest file 'build/air_cleaning_pkg/air_cleaning_pkg.egg-info/SOURCES.txt'
adding license file 'LICENSE'
writing manifest file 'build/air_cleaning_pkg/air_cleaning_pkg.egg-info/SOURCES.txt'
running build
running build_py
copying air_cleaning_pkg/pm_sensor_publisher_node.py -> /home/august/workspace/locomotive_air_cleaner_capstone/src/air_cleaning_pkg/build/air_cleaning_pkg/build/lib/air_cleaning_pkg
running install
running install_lib
copying /home/august/workspace/locomotive_air_cleaner_capstone/src/air_cleaning_pkg/build/air_cleaning_pkg/build/lib/air_cleaning_pkg/pm_sensor_publisher_node.py -> /home/august/workspace/locomotive_air_cleaner_capstone/src/air_cleaning_pkg/install/air_cleaning_pkg/lib/python3.12/site-packages/air_cleaning_pkg
byte-compiling /home/august/workspace/locomotive_air_cleaner_capstone/src/air_cleaning_pkg/install/air_cleaning_pkg/lib/python3.12/site-packages/air_cleaning_pkg/pm_sensor_publisher_node.py to pm_sensor_publisher_node.cpython-312.pyc
running install_data
copying package.xml -> /home/august/workspace/locomotive_air_cleaner_capstone/src/air_cleaning_pkg/install/air_cleaning_pkg/share/air_cleaning_pkg
running install_egg_info
removing '/home/august/workspace/locomotive_air_cleaner_capstone/src/air_cleaning_pkg/install/air_cleaning_pkg/lib/python3.12/site-packages/air_cleaning_pkg-0.0.0-py3.12.egg-info' (and everything under it)
Copying build/air_cleaning_pkg/air_cleaning_pkg.egg-info to /home/august/workspace/locomotive_air_cleaner_capstone/src/air_cleaning_pkg/install/air_cleaning_pkg/lib/python3.12/site-packages/air_cleaning_pkg-0.0.0-py3.12.egg-info
running install_scripts
Installing pm_sensor_publisher_node script to /home/august/workspace/locomotive_air_cleaner_capstone/src/air_cleaning_pkg/install/air_cleaning_pkg/lib/air_cleaning_pkg
writing list of installed files to '/home/august/workspace/locomotive_air_cleaner_capstone/src/air_cleaning_pkg/build/air_cleaning_pkg/install.log'
