[1.283s] Invoking command in '/home/august/workspace/locomotive_air_cleaner_capstone/src/air_cleaning_pkg': DEBUGINFOD_URLS=https://debuginfod.ubuntu.com PYTHONPATH=/home/august/workspace/locomotive_air_cleaner_capstone/src/air_cleaning_pkg/build/air_cleaning_pkg/prefix_override:/usr/lib/python3/dist-packages/colcon_core/task/python/colcon_distutils_commands:/home/august/workspace/locomotive_air_cleaner_capstone/src/air_cleaning_pkg/install/air_cleaning_pkg/lib/python3.12/site-packages:${PYTHONPATH} /usr/bin/python3 -W ignore:setup.py install is deprecated -W ignore:easy_install command is deprecated setup.py egg_info --egg-base build/air_cleaning_pkg build --build-base /home/august/workspace/locomotive_air_cleaner_capstone/src/air_cleaning_pkg/build/air_cleaning_pkg/build install --record /home/august/workspace/locomotive_air_cleaner_capstone/src/air_cleaning_pkg/build/air_cleaning_pkg/install.log --single-version-externally-managed install_data
[1.658s] running egg_info
[1.683s] writing build/air_cleaning_pkg/air_cleaning_pkg.egg-info/PKG-INFO
[1.683s] writing dependency_links to build/air_cleaning_pkg/air_cleaning_pkg.egg-info/dependency_links.txt
[1.686s] writing entry points to build/air_cleaning_pkg/air_cleaning_pkg.egg-info/entry_points.txt
[1.686s] writing requirements to build/air_cleaning_pkg/air_cleaning_pkg.egg-info/requires.txt
[1.687s] writing top-level names to build/air_cleaning_pkg/air_cleaning_pkg.egg-info/top_level.txt
[1.746s] reading manifest file 'build/air_cleaning_pkg/air_cleaning_pkg.egg-info/SOURCES.txt'
[1.747s] adding license file 'LICENSE'
[1.748s] writing manifest file 'build/air_cleaning_pkg/air_cleaning_pkg.egg-info/SOURCES.txt'
[1.748s] running build
[1.749s] running build_py
[1.749s] copying air_cleaning_pkg/pm_sensor_publisher_node.py -> /home/august/workspace/locomotive_air_cleaner_capstone/src/air_cleaning_pkg/build/air_cleaning_pkg/build/lib/air_cleaning_pkg
[1.749s] running install
[1.759s] running install_lib
[1.785s] copying /home/august/workspace/locomotive_air_cleaner_capstone/src/air_cleaning_pkg/build/air_cleaning_pkg/build/lib/air_cleaning_pkg/pm_sensor_publisher_node.py -> /home/august/workspace/locomotive_air_cleaner_capstone/src/air_cleaning_pkg/install/air_cleaning_pkg/lib/python3.12/site-packages/air_cleaning_pkg
[1.785s] byte-compiling /home/august/workspace/locomotive_air_cleaner_capstone/src/air_cleaning_pkg/install/air_cleaning_pkg/lib/python3.12/site-packages/air_cleaning_pkg/pm_sensor_publisher_node.py to pm_sensor_publisher_node.cpython-312.pyc
[1.786s] running install_data
[1.786s] copying package.xml -> /home/august/workspace/locomotive_air_cleaner_capstone/src/air_cleaning_pkg/install/air_cleaning_pkg/share/air_cleaning_pkg
[1.787s] running install_egg_info
[1.816s] removing '/home/august/workspace/locomotive_air_cleaner_capstone/src/air_cleaning_pkg/install/air_cleaning_pkg/lib/python3.12/site-packages/air_cleaning_pkg-0.0.0-py3.12.egg-info' (and everything under it)
[1.816s] Copying build/air_cleaning_pkg/air_cleaning_pkg.egg-info to /home/august/workspace/locomotive_air_cleaner_capstone/src/air_cleaning_pkg/install/air_cleaning_pkg/lib/python3.12/site-packages/air_cleaning_pkg-0.0.0-py3.12.egg-info
[1.818s] running install_scripts
[2.010s] Installing pm_sensor_publisher_node script to /home/august/workspace/locomotive_air_cleaner_capstone/src/air_cleaning_pkg/install/air_cleaning_pkg/lib/air_cleaning_pkg
[2.011s] writing list of installed files to '/home/august/workspace/locomotive_air_cleaner_capstone/src/air_cleaning_pkg/build/air_cleaning_pkg/install.log'
[2.119s] Invoked command in '/home/august/workspace/locomotive_air_cleaner_capstone/src/air_cleaning_pkg' returned '0': DEBUGINFOD_URLS=https://debuginfod.ubuntu.com PYTHONPATH=/home/august/workspace/locomotive_air_cleaner_capstone/src/air_cleaning_pkg/build/air_cleaning_pkg/prefix_override:/usr/lib/python3/dist-packages/colcon_core/task/python/colcon_distutils_commands:/home/august/workspace/locomotive_air_cleaner_capstone/src/air_cleaning_pkg/install/air_cleaning_pkg/lib/python3.12/site-packages:${PYTHONPATH} /usr/bin/python3 -W ignore:setup.py install is deprecated -W ignore:easy_install command is deprecated setup.py egg_info --egg-base build/air_cleaning_pkg build --build-base /home/august/workspace/locomotive_air_cleaner_capstone/src/air_cleaning_pkg/build/air_cleaning_pkg/build install --record /home/august/workspace/locomotive_air_cleaner_capstone/src/air_cleaning_pkg/build/air_cleaning_pkg/install.log --single-version-externally-managed install_data
