running egg_info
creating build/air_cleaning_pkg/air_cleaning_pkg.egg-info
writing build/air_cleaning_pkg/air_cleaning_pkg.egg-info/PKG-INFO
writing dependency_links to build/air_cleaning_pkg/air_cleaning_pkg.egg-info/dependency_links.txt
writing requirements to build/air_cleaning_pkg/air_cleaning_pkg.egg-info/requires.txt
writing top-level names to build/air_cleaning_pkg/air_cleaning_pkg.egg-info/top_level.txt
writing manifest file 'build/air_cleaning_pkg/air_cleaning_pkg.egg-info/SOURCES.txt'
reading manifest file 'build/air_cleaning_pkg/air_cleaning_pkg.egg-info/SOURCES.txt'
adding license file 'LICENSE'
writing manifest file 'build/air_cleaning_pkg/air_cleaning_pkg.egg-info/SOURCES.txt'
running build
running build_py
creating /home/august/workspace/locomotive_air_cleaner_capstone/src/air_cleaning_pkg/build/air_cleaning_pkg/build
creating /home/august/workspace/locomotive_air_cleaner_capstone/src/air_cleaning_pkg/build/air_cleaning_pkg/build/lib
creating /home/august/workspace/locomotive_air_cleaner_capstone/src/air_cleaning_pkg/build/air_cleaning_pkg/build/lib/air_cleaning_pkg
copying air_cleaning_pkg/__init__.py -> /home/august/workspace/locomotive_air_cleaner_capstone/src/air_cleaning_pkg/build/air_cleaning_pkg/build/lib/air_cleaning_pkg
running install
running install_lib
creating /home/august/workspace/locomotive_air_cleaner_capstone/src/air_cleaning_pkg/install/air_cleaning_pkg/lib/python3.12/site-packages/air_cleaning_pkg
copying /home/august/workspace/locomotive_air_cleaner_capstone/src/air_cleaning_pkg/build/air_cleaning_pkg/build/lib/air_cleaning_pkg/__init__.py -> /home/august/workspace/locomotive_air_cleaner_capstone/src/air_cleaning_pkg/install/air_cleaning_pkg/lib/python3.12/site-packages/air_cleaning_pkg
byte-compiling /home/august/workspace/locomotive_air_cleaner_capstone/src/air_cleaning_pkg/install/air_cleaning_pkg/lib/python3.12/site-packages/air_cleaning_pkg/__init__.py to __init__.cpython-312.pyc
running install_data
creating /home/august/workspace/locomotive_air_cleaner_capstone/src/air_cleaning_pkg/install/air_cleaning_pkg/share/ament_index
creating /home/august/workspace/locomotive_air_cleaner_capstone/src/air_cleaning_pkg/install/air_cleaning_pkg/share/ament_index/resource_index
creating /home/august/workspace/locomotive_air_cleaner_capstone/src/air_cleaning_pkg/install/air_cleaning_pkg/share/ament_index/resource_index/packages
copying resource/air_cleaning_pkg -> /home/august/workspace/locomotive_air_cleaner_capstone/src/air_cleaning_pkg/install/air_cleaning_pkg/share/ament_index/resource_index/packages
copying package.xml -> /home/august/workspace/locomotive_air_cleaner_capstone/src/air_cleaning_pkg/install/air_cleaning_pkg/share/air_cleaning_pkg
running install_egg_info
Copying build/air_cleaning_pkg/air_cleaning_pkg.egg-info to /home/august/workspace/locomotive_air_cleaner_capstone/src/air_cleaning_pkg/install/air_cleaning_pkg/lib/python3.12/site-packages/air_cleaning_pkg-0.0.0-py3.12.egg-info
running install_scripts
writing list of installed files to '/home/august/workspace/locomotive_air_cleaner_capstone/src/air_cleaning_pkg/build/air_cleaning_pkg/install.log'
