[2.035s] Invoking command in '/home/august/workspace/locomotive_air_cleaner_capstone/src/air_cleaning_pkg': DEBUGINFOD_URLS=https://debuginfod.ubuntu.com PYTHONPATH=/home/august/workspace/locomotive_air_cleaner_capstone/src/air_cleaning_pkg/build/air_cleaning_pkg/prefix_override:/usr/lib/python3/dist-packages/colcon_core/task/python/colcon_distutils_commands:/home/august/workspace/locomotive_air_cleaner_capstone/src/air_cleaning_pkg/install/air_cleaning_pkg/lib/python3.12/site-packages:${PYTHONPATH} /usr/bin/python3 -W ignore:setup.py install is deprecated -W ignore:easy_install command is deprecated setup.py egg_info --egg-base build/air_cleaning_pkg build --build-base /home/august/workspace/locomotive_air_cleaner_capstone/src/air_cleaning_pkg/build/air_cleaning_pkg/build install --record /home/august/workspace/locomotive_air_cleaner_capstone/src/air_cleaning_pkg/build/air_cleaning_pkg/install.log --single-version-externally-managed install_data
[2.404s] running egg_info
[2.405s] creating build/air_cleaning_pkg/air_cleaning_pkg.egg-info
[2.431s] writing build/air_cleaning_pkg/air_cleaning_pkg.egg-info/PKG-INFO
[2.432s] writing dependency_links to build/air_cleaning_pkg/air_cleaning_pkg.egg-info/dependency_links.txt
[2.432s] writing requirements to build/air_cleaning_pkg/air_cleaning_pkg.egg-info/requires.txt
[2.432s] writing top-level names to build/air_cleaning_pkg/air_cleaning_pkg.egg-info/top_level.txt
[2.432s] writing manifest file 'build/air_cleaning_pkg/air_cleaning_pkg.egg-info/SOURCES.txt'
[2.485s] reading manifest file 'build/air_cleaning_pkg/air_cleaning_pkg.egg-info/SOURCES.txt'
[2.486s] adding license file 'LICENSE'
[2.486s] writing manifest file 'build/air_cleaning_pkg/air_cleaning_pkg.egg-info/SOURCES.txt'
[2.487s] running build
[2.487s] running build_py
[2.487s] creating /home/august/workspace/locomotive_air_cleaner_capstone/src/air_cleaning_pkg/build/air_cleaning_pkg/build
[2.487s] creating /home/august/workspace/locomotive_air_cleaner_capstone/src/air_cleaning_pkg/build/air_cleaning_pkg/build/lib
[2.487s] creating /home/august/workspace/locomotive_air_cleaner_capstone/src/air_cleaning_pkg/build/air_cleaning_pkg/build/lib/air_cleaning_pkg
[2.487s] copying air_cleaning_pkg/__init__.py -> /home/august/workspace/locomotive_air_cleaner_capstone/src/air_cleaning_pkg/build/air_cleaning_pkg/build/lib/air_cleaning_pkg
[2.488s] running install
[2.497s] running install_lib
[2.526s] creating /home/august/workspace/locomotive_air_cleaner_capstone/src/air_cleaning_pkg/install/air_cleaning_pkg/lib/python3.12/site-packages/air_cleaning_pkg
[2.526s] copying /home/august/workspace/locomotive_air_cleaner_capstone/src/air_cleaning_pkg/build/air_cleaning_pkg/build/lib/air_cleaning_pkg/__init__.py -> /home/august/workspace/locomotive_air_cleaner_capstone/src/air_cleaning_pkg/install/air_cleaning_pkg/lib/python3.12/site-packages/air_cleaning_pkg
[2.527s] byte-compiling /home/august/workspace/locomotive_air_cleaner_capstone/src/air_cleaning_pkg/install/air_cleaning_pkg/lib/python3.12/site-packages/air_cleaning_pkg/__init__.py to __init__.cpython-312.pyc
[2.528s] running install_data
[2.528s] creating /home/august/workspace/locomotive_air_cleaner_capstone/src/air_cleaning_pkg/install/air_cleaning_pkg/share/ament_index
[2.528s] creating /home/august/workspace/locomotive_air_cleaner_capstone/src/air_cleaning_pkg/install/air_cleaning_pkg/share/ament_index/resource_index
[2.528s] creating /home/august/workspace/locomotive_air_cleaner_capstone/src/air_cleaning_pkg/install/air_cleaning_pkg/share/ament_index/resource_index/packages
[2.528s] copying resource/air_cleaning_pkg -> /home/august/workspace/locomotive_air_cleaner_capstone/src/air_cleaning_pkg/install/air_cleaning_pkg/share/ament_index/resource_index/packages
[2.528s] copying package.xml -> /home/august/workspace/locomotive_air_cleaner_capstone/src/air_cleaning_pkg/install/air_cleaning_pkg/share/air_cleaning_pkg
[2.528s] running install_egg_info
[2.556s] Copying build/air_cleaning_pkg/air_cleaning_pkg.egg-info to /home/august/workspace/locomotive_air_cleaner_capstone/src/air_cleaning_pkg/install/air_cleaning_pkg/lib/python3.12/site-packages/air_cleaning_pkg-0.0.0-py3.12.egg-info
[2.558s] running install_scripts
[2.746s] writing list of installed files to '/home/august/workspace/locomotive_air_cleaner_capstone/src/air_cleaning_pkg/build/air_cleaning_pkg/install.log'
[2.826s] Invoked command in '/home/august/workspace/locomotive_air_cleaner_capstone/src/air_cleaning_pkg' returned '0': DEBUGINFOD_URLS=https://debuginfod.ubuntu.com PYTHONPATH=/home/august/workspace/locomotive_air_cleaner_capstone/src/air_cleaning_pkg/build/air_cleaning_pkg/prefix_override:/usr/lib/python3/dist-packages/colcon_core/task/python/colcon_distutils_commands:/home/august/workspace/locomotive_air_cleaner_capstone/src/air_cleaning_pkg/install/air_cleaning_pkg/lib/python3.12/site-packages:${PYTHONPATH} /usr/bin/python3 -W ignore:setup.py install is deprecated -W ignore:easy_install command is deprecated setup.py egg_info --egg-base build/air_cleaning_pkg build --build-base /home/august/workspace/locomotive_air_cleaner_capstone/src/air_cleaning_pkg/build/air_cleaning_pkg/build install --record /home/august/workspace/locomotive_air_cleaner_capstone/src/air_cleaning_pkg/build/air_cleaning_pkg/install.log --single-version-externally-managed install_data
